mode: set
ottosfa-api-apk/hosts/notif/notif.go:20.13,25.2 2 1
ottosfa-api-apk/hosts/notif/notif.go:28.57,29.25 1 0
ottosfa-api-apk/hosts/notif/notif.go:32.2,51.16 4 0
ottosfa-api-apk/hosts/notif/notif.go:64.2,65.16 2 0
ottosfa-api-apk/hosts/notif/notif.go:77.2,78.12 2 0
ottosfa-api-apk/hosts/notif/notif.go:29.25,31.3 1 0
ottosfa-api-apk/hosts/notif/notif.go:51.16,61.3 2 0
ottosfa-api-apk/hosts/notif/notif.go:65.16,75.3 2 0
ottosfa-api-apk/hosts/notif/notif.go:82.49,85.16 3 1
ottosfa-api-apk/hosts/notif/notif.go:95.2,95.42 1 1
ottosfa-api-apk/hosts/notif/notif.go:85.16,94.3 1 0
ottosfa-api-apk/v2.5/services/BusinessTypeList.go:10.99,13.42 2 1
ottosfa-api-apk/v2.5/services/BusinessTypeList.go:18.2,19.35 2 0
ottosfa-api-apk/v2.5/services/BusinessTypeList.go:26.2,31.33 5 0
ottosfa-api-apk/v2.5/services/BusinessTypeList.go:38.2,42.8 4 0
ottosfa-api-apk/v2.5/services/BusinessTypeList.go:13.42,16.3 2 0
ottosfa-api-apk/v2.5/services/BusinessTypeList.go:19.35,20.12 1 0
ottosfa-api-apk/v2.5/services/BusinessTypeList.go:23.9,23.34 1 0
ottosfa-api-apk/v2.5/services/BusinessTypeList.go:20.12,22.4 1 0
ottosfa-api-apk/v2.5/services/BusinessTypeList.go:31.33,32.44 1 0
ottosfa-api-apk/v2.5/services/BusinessTypeList.go:32.44,35.10 2 0
ottosfa-api-apk/v2.5/services/CallPlanMerchantList.go:15.115,20.26 4 0
ottosfa-api-apk/v2.5/services/CallPlanMerchantList.go:26.2,27.18 2 0
ottosfa-api-apk/v2.5/services/CallPlanMerchantList.go:33.2,34.18 2 0
ottosfa-api-apk/v2.5/services/CallPlanMerchantList.go:39.2,40.49 2 0
ottosfa-api-apk/v2.5/services/CallPlanMerchantList.go:90.2,92.8 3 0
ottosfa-api-apk/v2.5/services/CallPlanMerchantList.go:20.26,23.3 2 0
ottosfa-api-apk/v2.5/services/CallPlanMerchantList.go:27.18,30.3 2 0
ottosfa-api-apk/v2.5/services/CallPlanMerchantList.go:34.18,37.3 2 0
ottosfa-api-apk/v2.5/services/CallPlanMerchantList.go:40.49,58.44 7 0
ottosfa-api-apk/v2.5/services/CallPlanMerchantList.go:67.3,86.57 2 0
ottosfa-api-apk/v2.5/services/CallPlanMerchantList.go:58.44,60.4 1 0
ottosfa-api-apk/v2.5/services/CallPlanMerchantList.go:60.9,62.44 2 0
ottosfa-api-apk/v2.5/services/CallPlanMerchantList.go:62.44,64.5 1 0
ottosfa-api-apk/v2.5/services/MerchantIndomarco.go:12.106,15.16 2 0
ottosfa-api-apk/v2.5/services/MerchantIndomarco.go:24.2,25.19 2 0
ottosfa-api-apk/v2.5/services/MerchantIndomarco.go:34.2,41.16 7 0
ottosfa-api-apk/v2.5/services/MerchantIndomarco.go:50.2,53.8 3 0
ottosfa-api-apk/v2.5/services/MerchantIndomarco.go:15.16,22.3 2 0
ottosfa-api-apk/v2.5/services/MerchantIndomarco.go:25.19,32.3 2 0
ottosfa-api-apk/v2.5/services/MerchantIndomarco.go:41.16,48.3 2 0
ottosfa-api-apk/v2.5/services/TodolistList.go:17.99,22.26 4 0
ottosfa-api-apk/v2.5/services/TodolistList.go:28.2,29.18 2 0
ottosfa-api-apk/v2.5/services/TodolistList.go:35.2,36.39 2 0
ottosfa-api-apk/v2.5/services/TodolistList.go:41.2,42.44 2 0
ottosfa-api-apk/v2.5/services/TodolistList.go:47.2,48.37 2 0
ottosfa-api-apk/v2.5/services/TodolistList.go:92.2,96.8 3 0
ottosfa-api-apk/v2.5/services/TodolistList.go:22.26,25.3 2 0
ottosfa-api-apk/v2.5/services/TodolistList.go:29.18,32.3 2 0
ottosfa-api-apk/v2.5/services/TodolistList.go:36.39,39.3 2 0
ottosfa-api-apk/v2.5/services/TodolistList.go:42.44,45.3 2 0
ottosfa-api-apk/v2.5/services/TodolistList.go:48.37,50.34 2 0
ottosfa-api-apk/v2.5/services/TodolistList.go:67.3,89.25 2 0
ottosfa-api-apk/v2.5/services/TodolistList.go:50.34,55.4 4 0
ottosfa-api-apk/v2.5/services/TodolistList.go:55.8,65.4 6 0
ottosfa-api-apk/v2.5/services/init.go:35.72,41.2 1 1
ottosfa-api-apk/v2.5/services/AcquisitionList.go:9.118,12.42 2 1
ottosfa-api-apk/v2.5/services/AcquisitionList.go:17.2,19.8 3 0
ottosfa-api-apk/v2.5/services/AcquisitionList.go:12.42,15.3 2 1
ottosfa-api-apk/v2.6/services/AcquisitionList.go:11.118,15.47 2 1
ottosfa-api-apk/v2.6/services/AcquisitionList.go:20.2,23.42 3 0
ottosfa-api-apk/v2.6/services/AcquisitionList.go:31.2,35.45 3 0
ottosfa-api-apk/v2.6/services/AcquisitionList.go:40.2,42.8 3 0
ottosfa-api-apk/v2.6/services/AcquisitionList.go:15.47,18.3 2 0
ottosfa-api-apk/v2.6/services/AcquisitionList.go:23.42,26.12 3 0
ottosfa-api-apk/v2.6/services/AcquisitionList.go:26.12,28.4 1 0
ottosfa-api-apk/v2.6/services/AcquisitionList.go:35.45,38.3 2 0
ottosfa-api-apk/v2.6/services/AcquisitionList.go:47.51,48.29 1 0
ottosfa-api-apk/v2.6/services/AcquisitionList.go:53.2,53.18 1 0
ottosfa-api-apk/v2.6/services/AcquisitionList.go:48.29,49.18 1 0
ottosfa-api-apk/v2.6/services/AcquisitionList.go:49.18,51.4 1 0
ottosfa-api-apk/v2.6/services/MerchantIndomarco.go:12.106,15.16 2 0
ottosfa-api-apk/v2.6/services/MerchantIndomarco.go:24.2,27.19 3 0
ottosfa-api-apk/v2.6/services/MerchantIndomarco.go:36.2,42.19 6 0
ottosfa-api-apk/v2.6/services/MerchantIndomarco.go:51.2,61.16 10 0
ottosfa-api-apk/v2.6/services/MerchantIndomarco.go:70.2,73.8 3 0
ottosfa-api-apk/v2.6/services/MerchantIndomarco.go:15.16,22.3 2 0
ottosfa-api-apk/v2.6/services/MerchantIndomarco.go:27.19,34.3 2 0
ottosfa-api-apk/v2.6/services/MerchantIndomarco.go:42.19,49.3 2 0
ottosfa-api-apk/v2.6/services/MerchantIndomarco.go:61.16,68.3 2 0
ottosfa-api-apk/v2.6/services/init.go:30.72,36.2 1 1
